<?xml version="1.0" encoding="UTF-8"?>
<!-- Generated by org.testng.reporters.JUnitXMLReporter -->
<testsuite ignored="0" hostname="DESKTOP-FKCKRSR" failures="0" tests="2" name="TC 01 - fixed deposit" time="137.39" errors="0" timestamp="2021-11-14T11:40:34 IST">
  <testcase classname="com.selenium.keyworddriven.FixedDeposit_Test" name="FixedDeposit_10000" time="69.872"/>
  <testcase classname="com.selenium.keyworddriven.FixedDeposit_Test" name="FixedDeposit_20000" time="11.734"/>
</testsuite> <!-- TC 01 - fixed deposit -->
