<?xml version="1.0" encoding="UTF-8"?>
<!-- Generated by org.testng.reporters.JUnitXMLReporter -->
<testsuite ignored="0" hostname="DESKTOP-FKCKRSR" failures="0" tests="3" name="TC 03 - blaze-demo " time="12.564" errors="0" timestamp="2021-11-14T11:41:36 IST">
  <testcase classname="com.selenium.keyworddriven.BlazeDemo_Test" name="Blazedemo_flight" time="3.171"/>
  <testcase classname="com.selenium.keyworddriven.BlazeDemo_Test" name="Blazedemo_flight_Info" time="2.882"/>
  <testcase classname="com.selenium.keyworddriven.BlazeDemo_Test" name="Blazedemo_userInfo" time="2.95"/>
</testsuite> <!-- TC 03 - blaze-demo  -->
