<?xml version="1.0" encoding="UTF-8"?>
<!-- Generated by org.testng.reporters.JUnitXMLReporter -->
<testsuite ignored="0" hostname="DESKTOP-5F0Q0QT" failures="0" tests="2" name="TC 04 - Fixed Deposit Calculation" time="26.238" errors="0" timestamp="2021-11-14T10:07:36 IST">
  <testcase classname="com.selenium.keyworddriven.FixedDeposit_Test" name="FixedDeposit_10000" time="10.302"/>
  <testcase classname="com.selenium.keyworddriven.FixedDeposit_Test" name="FixedDeposit_20000" time="7.291"/>
</testsuite> <!-- TC 04 - Fixed Deposit Calculation -->
