<?xml version="1.0" encoding="UTF-8"?>
<!-- Generated by org.testng.reporters.JUnitXMLReporter -->
<testsuite ignored="1" hostname="DESKTOP-5F0Q0QT" failures="0" tests="2" name="TC 01 - Mutual Fund Login" time="44.256" errors="0" timestamp="2021-11-14T10:07:20 IST">
  <testcase classname="com.selenium.testng.MutualFundLoginTestCase" name="loginAdmin" time="15.43"/>
  <testcase classname="com.selenium.testng.MutualFundLoginTestCase" name="loginSpeed" time="10.318"/>
  <testcase classname="com.selenium.testng.MutualFundLoginTestCase" name="loginTestUser" time="0.0">
    <ignored/>
  </testcase> <!-- loginTestUser -->
</testsuite> <!-- TC 01 - Mutual Fund Login -->
